2025-12-30 13:42:20.942 Sent S1F1 W.
2025-12-30 13:42:21.069 Received S1F2 \n<L [0] >.
2025-12-30 13:42:25.279 Received S1F1 W.
2025-12-30 13:42:25.280 Sent S1F2 \n<L [2] \n  <A [6] "MDLN-A">\n  <A [9] "SOFTREV-1">\n>.
2025-12-30 13:42:26.295 Received S1F13 W\n<L [0] >.
2025-12-30 13:42:26.296 Sent S1F14 \n<L [1] \n  <A [3] "ACK">\n>.
2025-12-30 13:42:27.831 Received S1F17 W\n<L [0] >.
2025-12-30 13:45:25.172 Sent S1F1 W.
2025-12-30 13:45:25.242 Received S1F2 
<L [0] >.
2025-12-30 13:45:28.428 Received S1F1 W.
2025-12-30 13:45:28.429 Sent S1F2 
<L [2] 
  <A [6] "MDLN-A">
  <A [9] "SOFTREV-1">
>.
2025-12-30 13:45:29.341 Received S1F13 W
<L [0] >.
2025-12-30 13:45:29.342 Sent S1F14 
<L [1] 
  <A [3] "ACK">
>.
2025-12-30 13:45:30.801 Received S1F17 W
<L [0] >.
2025-12-30 13:47:34.075 Sent 
S1F1 W.
2025-12-30 13:47:34.082 Received 
S1F2 
<L [0] >.
2025-12-30 13:47:35.872 Received 
S1F1 W.
2025-12-30 13:47:35.874 Sent 
S1F2 
<L [2] 
  <A [6] "MDLN-A">
  <A [9] "SOFTREV-1">
>.
2025-12-30 13:47:36.439 Received 
S1F13 W
<L [0] >.
2025-12-30 13:47:36.440 Sent 
S1F14 
<L [1] 
  <A [3] "ACK">
>.
2025-12-30 13:47:37.134 Received 
S1F17 W
<L [0] >.
2025-12-30 13:52:28.758 Sent 
S1F1 W.
2025-12-30 13:52:28.762 Received 
S1F2 
<L [0] >.
2025-12-30 13:52:30.821 Received 
S1F1 W.
2025-12-30 13:52:30.822 Sent 
S1F2 
<L [2] 
  <A [6] "MDLN-A">
  <A [9] "SOFTREV-1">
>.
2025-12-30 13:52:31.915 Received 
S1F13 W
<L [0] >.
2025-12-30 13:52:31.916 Sent 
S1F14 
<L [1] 
  <A [3] "ACK">
>.
2025-12-30 13:52:33.832 Received 
S1F17 W
<L [0] >.
